{
  "stats": {
    "suites": 12,
    "tests": 47,
    "passes": 47,
    "pending": 0,
    "failures": 0,
    "start": "2019-09-27T20:58:49.380Z",
    "end": "2019-09-27T20:58:51.635Z",
    "duration": 2255,
    "testsRegistered": 47,
    "passPercent": 100,
    "pendingPercent": 0,
    "other": 0,
    "hasOther": false,
    "skipped": 0,
    "hasSkipped": false
  },
  "results": [
    {
      "uuid": "15a3a3e4-0cc9-47b4-8e87-00844ec3fa0a",
      "title": "",
      "fullFile": "",
      "file": "",
      "beforeHooks": [],
      "afterHooks": [],
      "tests": [],
      "suites": [
        {
          "uuid": "0ec26e3e-85dd-4de5-a13f-f59f7695807a",
          "title": "Authentication",
          "fullFile": "D:\\Projects\\Majid\\Ticketing System\\tests\\mochaTests.js",
          "file": "\\mochaTests.js",
          "beforeHooks": [],
          "afterHooks": [],
          "tests": [
            {
              "title": "Should login a doctor",
              "fullTitle": "Authentication Should login a doctor",
              "timedOut": false,
              "duration": 217,
              "state": "passed",
              "speed": "slow",
              "pass": true,
              "fail": false,
              "pending": false,
              "context": null,
              "code": "request.post(\n    {\n        url: serverUrl + '/auth/login',\n        json: data,\n        jar: true\n    },\n    function (err, httpResponse, body) {\n        if (err) {\n            done(new Error(err));\n        }\n        else {\n            assert.deepEqual(body, expectedResult);\n            done();\n        }\n    }\n);",
              "err": {},
              "uuid": "fd6c6c7e-4563-4651-8ce5-eebfbbffe4f6",
              "parentUUID": "0ec26e3e-85dd-4de5-a13f-f59f7695807a",
              "isHook": false,
              "skipped": false
            },
            {
              "title": "Should login a patient",
              "fullTitle": "Authentication Should login a patient",
              "timedOut": false,
              "duration": 39,
              "state": "passed",
              "speed": "medium",
              "pass": true,
              "fail": false,
              "pending": false,
              "context": null,
              "code": "request.post(\n    {\n        url: serverUrl + '/auth/login',\n        json: data,\n        jar: true\n    },\n    function (err, httpResponse, body) {\n        if (err) {\n            done(new Error(err));\n        }\n        else {\n            assert.deepEqual(body, expectedResult);\n            done();\n        }\n    }\n);",
              "err": {},
              "uuid": "2d0c0a7e-b21c-4b31-b193-d4214a0ce6e6",
              "parentUUID": "0ec26e3e-85dd-4de5-a13f-f59f7695807a",
              "isHook": false,
              "skipped": false
            },
            {
              "title": "Should logout",
              "fullTitle": "Authentication Should logout",
              "timedOut": false,
              "duration": 26,
              "state": "passed",
              "speed": "fast",
              "pass": true,
              "fail": false,
              "pending": false,
              "context": null,
              "code": "request.get({url: serverUrl + '/auth/logout'}, function (err, httpResponse, body) {\n    if (err) {\n        done(new Error(err));\n    }\n    else {\n        body = JSON.parse(body);\n        assert.deepEqual(body, {location: '/'});\n        done();\n    }\n});",
              "err": {},
              "uuid": "f47303b7-a53b-42f7-93a5-23c64fb006a6",
              "parentUUID": "0ec26e3e-85dd-4de5-a13f-f59f7695807a",
              "isHook": false,
              "skipped": false
            }
          ],
          "suites": [],
          "passes": [
            "fd6c6c7e-4563-4651-8ce5-eebfbbffe4f6",
            "2d0c0a7e-b21c-4b31-b193-d4214a0ce6e6",
            "f47303b7-a53b-42f7-93a5-23c64fb006a6"
          ],
          "failures": [],
          "pending": [],
          "skipped": [],
          "duration": 282,
          "root": false,
          "rootEmpty": false,
          "_timeout": 2000
        },
        {
          "uuid": "f06fce05-e988-42c4-94a1-8d154a8157d4",
          "title": "Doctors",
          "fullFile": "D:\\Projects\\Majid\\Ticketing System\\tests\\mochaTests.js",
          "file": "\\mochaTests.js",
          "beforeHooks": [],
          "afterHooks": [],
          "tests": [
            {
              "title": "Should create a doctor",
              "fullTitle": "Doctors Should create a doctor",
              "timedOut": false,
              "duration": 84,
              "state": "passed",
              "speed": "slow",
              "pass": true,
              "fail": false,
              "pending": false,
              "context": null,
              "code": "request.post(\n    {\n        url: serverUrl + '/doctors',\n        json: {\n            \"username\": \"dr3\",\n            \"password\": \"123\",\n            \"name\": \"majid\",\n            \"family\": \"yaghouti\",\n            \"specialties\": [\"sp1\", \"sp2\"]\n        }\n    },\n    function (err, httpResponse, body) {\n        if (err) {\n            done(new Error(err));\n        }\n        else {\n            assert.deepEqual(body, {status: 'Success'});\n            done();\n        }\n    }\n);",
              "err": {},
              "uuid": "12beecb3-622e-45ca-97db-f6b1fa9e5ab2",
              "parentUUID": "f06fce05-e988-42c4-94a1-8d154a8157d4",
              "isHook": false,
              "skipped": false
            },
            {
              "title": "Should update a doctor",
              "fullTitle": "Doctors Should update a doctor",
              "timedOut": false,
              "duration": 31,
              "state": "passed",
              "speed": "fast",
              "pass": true,
              "fail": false,
              "pending": false,
              "context": null,
              "code": "request.put(\n    {\n        url: serverUrl + '/doctors/dr3',\n        json: {\n            \"name\": \"majid2\",\n            \"family\": \"yaghouti2\",\n            \"password\": \"123\",\n            \"specialties\": [\"sp1\"]\n        }\n    },\n    function (err, httpResponse, body) {\n        if (err) {\n            done(new Error(err));\n        }\n        else {\n            assert.deepEqual(body, {\n                \"name\": \"majid2\",\n                \"family\": \"yaghouti2\",\n                \"specialties\": [\"sp1\"]\n            });\n            done();\n        }\n    }\n);",
              "err": {},
              "uuid": "2c9ba760-f8de-4180-8460-1f18e70e70c8",
              "parentUUID": "f06fce05-e988-42c4-94a1-8d154a8157d4",
              "isHook": false,
              "skipped": false
            },
            {
              "title": "Should read a doctor",
              "fullTitle": "Doctors Should read a doctor",
              "timedOut": false,
              "duration": 32,
              "state": "passed",
              "speed": "fast",
              "pass": true,
              "fail": false,
              "pending": false,
              "context": null,
              "code": "request.get(\n    {\n        url: serverUrl + '/doctors/dr1'\n    },\n    function (err, httpResponse, body) {\n        if (err) {\n            done(new Error(err));\n        }\n        else {\n            body = JSON.parse(body);\n            assert.hasAllKeys(body, [\n                'username',\n                'password',\n                'name',\n                'family',\n                'specialties',\n                'attendanceTimes'\n            ]);\n            assert.typeOf(body.username, 'string');\n            assert.typeOf(body.password, 'string');\n            assert.typeOf(body.name, 'string');\n            assert.typeOf(body.family, 'string');\n            assert.typeOf(body.specialties, 'array');\n            assert.typeOf(body.attendanceTimes, 'array');\n            done();\n        }\n    }\n);",
              "err": {},
              "uuid": "4f71515b-d830-4dfe-b923-15830f0b868b",
              "parentUUID": "f06fce05-e988-42c4-94a1-8d154a8157d4",
              "isHook": false,
              "skipped": false
            },
            {
              "title": "Should delete a doctor (dr3)",
              "fullTitle": "Doctors Should delete a doctor (dr3)",
              "timedOut": false,
              "duration": 36,
              "state": "passed",
              "speed": "fast",
              "pass": true,
              "fail": false,
              "pending": false,
              "context": null,
              "code": "request.delete(\n    {\n        url: serverUrl + path\n    },\n    function (err, httpResponse, body) {\n        if (err) {\n            done(new Error(err));\n        }\n        else {\n            body = JSON.parse(body);\n            assert.deepEqual(body, {status: 'Success'});\n            done();\n        }\n    }\n);",
              "err": {},
              "uuid": "a196dc03-eb3c-4c36-bb7a-d5cc54918d3d",
              "parentUUID": "f06fce05-e988-42c4-94a1-8d154a8157d4",
              "isHook": false,
              "skipped": false
            },
            {
              "title": "Should delete some doctors (dr4 & dr5)",
              "fullTitle": "Doctors Should delete some doctors (dr4 & dr5)",
              "timedOut": false,
              "duration": 30,
              "state": "passed",
              "speed": "fast",
              "pass": true,
              "fail": false,
              "pending": false,
              "context": null,
              "code": "request.delete(\n    {\n        url: serverUrl + path,\n        json: data\n    },\n    function (err, httpResponse, body) {\n        if (err) {\n            done(new Error(err));\n        }\n        else {\n            assert.deepEqual(body, {status: 'Success'});\n            done();\n        }\n    }\n);",
              "err": {},
              "uuid": "c6f12fbd-bb26-4aee-beec-b6b25e21b5d1",
              "parentUUID": "f06fce05-e988-42c4-94a1-8d154a8157d4",
              "isHook": false,
              "skipped": false
            },
            {
              "title": "Should read all doctors",
              "fullTitle": "Doctors Should read all doctors",
              "timedOut": false,
              "duration": 42,
              "state": "passed",
              "speed": "medium",
              "pass": true,
              "fail": false,
              "pending": false,
              "context": null,
              "code": "request.get(\n    {\n        url: serverUrl + path,\n        jar: true\n    },\n    function (err, httpResponse, body) {\n        if (err) {\n            done(new Error(err));\n        }\n        else {\n            body = JSON.parse(body);\n            assert.property(body, name);\n            assert.typeOf(body[name], 'array');\n            done();\n        }\n    }\n);",
              "err": {},
              "uuid": "9ab36377-ddb1-4781-b5d2-e9577aedae1c",
              "parentUUID": "f06fce05-e988-42c4-94a1-8d154a8157d4",
              "isHook": false,
              "skipped": false
            }
          ],
          "suites": [],
          "passes": [
            "12beecb3-622e-45ca-97db-f6b1fa9e5ab2",
            "2c9ba760-f8de-4180-8460-1f18e70e70c8",
            "4f71515b-d830-4dfe-b923-15830f0b868b",
            "a196dc03-eb3c-4c36-bb7a-d5cc54918d3d",
            "c6f12fbd-bb26-4aee-beec-b6b25e21b5d1",
            "9ab36377-ddb1-4781-b5d2-e9577aedae1c"
          ],
          "failures": [],
          "pending": [],
          "skipped": [],
          "duration": 255,
          "root": false,
          "rootEmpty": false,
          "_timeout": 2000
        },
        {
          "uuid": "d197acbd-b1b0-4089-8c7d-05f939a96577",
          "title": "Drugs",
          "fullFile": "D:\\Projects\\Majid\\Ticketing System\\tests\\mochaTests.js",
          "file": "\\mochaTests.js",
          "beforeHooks": [],
          "afterHooks": [],
          "tests": [
            {
              "title": "Should create a drug",
              "fullTitle": "Drugs Should create a drug",
              "timedOut": false,
              "duration": 33,
              "state": "passed",
              "speed": "fast",
              "pass": true,
              "fail": false,
              "pending": false,
              "context": null,
              "code": "request.post(\n    {\n        url: serverUrl + '/drugs',\n        json: {\n            \"name\": \"drug3\"\n        }\n    },\n    function (err, httpResponse, body) {\n        if (err) {\n            done(new Error(err));\n        }\n        else {\n            assert.deepEqual(body, {status: 'Success'});\n            done();\n        }\n    }\n);",
              "err": {},
              "uuid": "f1115ce8-7729-4d00-888e-ccab73f52194",
              "parentUUID": "d197acbd-b1b0-4089-8c7d-05f939a96577",
              "isHook": false,
              "skipped": false
            },
            {
              "title": "Should delete a drug (drug3)",
              "fullTitle": "Drugs Should delete a drug (drug3)",
              "timedOut": false,
              "duration": 34,
              "state": "passed",
              "speed": "fast",
              "pass": true,
              "fail": false,
              "pending": false,
              "context": null,
              "code": "request.delete(\n    {\n        url: serverUrl + path\n    },\n    function (err, httpResponse, body) {\n        if (err) {\n            done(new Error(err));\n        }\n        else {\n            body = JSON.parse(body);\n            assert.deepEqual(body, {status: 'Success'});\n            done();\n        }\n    }\n);",
              "err": {},
              "uuid": "0cbc373a-5724-42d7-a21a-041d2a66fa84",
              "parentUUID": "d197acbd-b1b0-4089-8c7d-05f939a96577",
              "isHook": false,
              "skipped": false
            },
            {
              "title": "Should delete some drugs (drug3 & drug4)",
              "fullTitle": "Drugs Should delete some drugs (drug3 & drug4)",
              "timedOut": false,
              "duration": 29,
              "state": "passed",
              "speed": "fast",
              "pass": true,
              "fail": false,
              "pending": false,
              "context": null,
              "code": "request.delete(\n    {\n        url: serverUrl + path,\n        json: data\n    },\n    function (err, httpResponse, body) {\n        if (err) {\n            done(new Error(err));\n        }\n        else {\n            assert.deepEqual(body, {status: 'Success'});\n            done();\n        }\n    }\n);",
              "err": {},
              "uuid": "c0376e65-6739-4ab1-88b4-a6c2f95aaf07",
              "parentUUID": "d197acbd-b1b0-4089-8c7d-05f939a96577",
              "isHook": false,
              "skipped": false
            },
            {
              "title": "Should read all drugs",
              "fullTitle": "Drugs Should read all drugs",
              "timedOut": false,
              "duration": 30,
              "state": "passed",
              "speed": "fast",
              "pass": true,
              "fail": false,
              "pending": false,
              "context": null,
              "code": "request.get(\n    {\n        url: serverUrl + '/drugs'\n    },\n    function (err, httpResponse, body) {\n        if (err) {\n            done(new Error(err));\n        }\n        else {\n            body = JSON.parse(body);\n            assert.property(body, 'drugs');\n            assert.typeOf(body.drugs, 'array');\n            done();\n        }\n    }\n);",
              "err": {},
              "uuid": "51c96bbd-4d97-441f-aed4-db1e7c034950",
              "parentUUID": "d197acbd-b1b0-4089-8c7d-05f939a96577",
              "isHook": false,
              "skipped": false
            }
          ],
          "suites": [],
          "passes": [
            "f1115ce8-7729-4d00-888e-ccab73f52194",
            "0cbc373a-5724-42d7-a21a-041d2a66fa84",
            "c0376e65-6739-4ab1-88b4-a6c2f95aaf07",
            "51c96bbd-4d97-441f-aed4-db1e7c034950"
          ],
          "failures": [],
          "pending": [],
          "skipped": [],
          "duration": 126,
          "root": false,
          "rootEmpty": false,
          "_timeout": 2000
        },
        {
          "uuid": "683be342-63f7-450c-8bdb-19d0f54d1882",
          "title": "Medical Records",
          "fullFile": "D:\\Projects\\Majid\\Ticketing System\\tests\\mochaTests.js",
          "file": "\\mochaTests.js",
          "beforeHooks": [
            {
              "title": "\"before all\" hook: Login as a Patient",
              "fullTitle": "Medical Records \"before all\" hook: Login as a Patient",
              "timedOut": false,
              "duration": 31,
              "state": null,
              "speed": null,
              "pass": false,
              "fail": false,
              "pending": false,
              "context": null,
              "code": "request.post(\n    {\n        url: serverUrl + '/auth/login',\n        json: data,\n        jar: true\n    },\n    function (err, httpResponse, body) {\n        if (err) {\n            done(new Error(err));\n        }\n        else {\n            assert.deepEqual(body, expectedResult);\n            done();\n        }\n    }\n);",
              "err": {},
              "uuid": "8390fb96-1f46-4d5f-b655-957d48a3b1ce",
              "parentUUID": "683be342-63f7-450c-8bdb-19d0f54d1882",
              "isHook": true,
              "skipped": false
            }
          ],
          "afterHooks": [],
          "tests": [
            {
              "title": "Should get medical records of logged in user",
              "fullTitle": "Medical Records Should get medical records of logged in user",
              "timedOut": false,
              "duration": 31,
              "state": "passed",
              "speed": "fast",
              "pass": true,
              "fail": false,
              "pending": false,
              "context": null,
              "code": "request.get(\n    {\n        url: serverUrl + '/medicalRecords',\n        jar: true\n    },\n    function (err, httpResponse, body) {\n        if (err) {\n            done(new Error(err));\n        }\n        else {\n            body = JSON.parse(body);\n            assert.property(body, 'medicalRecords');\n            assert.typeOf(body.medicalRecords, 'array');\n            done();\n        }\n    }\n);",
              "err": {},
              "uuid": "b6181955-61ae-45b1-b0e1-9bb8e1d4a9da",
              "parentUUID": "683be342-63f7-450c-8bdb-19d0f54d1882",
              "isHook": false,
              "skipped": false
            }
          ],
          "suites": [],
          "passes": [
            "b6181955-61ae-45b1-b0e1-9bb8e1d4a9da"
          ],
          "failures": [],
          "pending": [],
          "skipped": [],
          "duration": 31,
          "root": false,
          "rootEmpty": false,
          "_timeout": 2000
        },
        {
          "uuid": "c8927a2e-ad67-443d-a6a1-1618c340882c",
          "title": "Medical Tests",
          "fullFile": "D:\\Projects\\Majid\\Ticketing System\\tests\\mochaTests.js",
          "file": "\\mochaTests.js",
          "beforeHooks": [],
          "afterHooks": [],
          "tests": [
            {
              "title": "Should create a medical test",
              "fullTitle": "Medical Tests Should create a medical test",
              "timedOut": false,
              "duration": 35,
              "state": "passed",
              "speed": "fast",
              "pass": true,
              "fail": false,
              "pending": false,
              "context": null,
              "code": "request.post(\n    {\n        url: serverUrl + '/medicalTests',\n        json: {\n            \"name\": \"mt4\",\n            \"fields\": [\"f1\", \"f2\", \"f4\"]\n        }\n    },\n    function (err, httpResponse, body) {\n        if (err) {\n            done(new Error(err));\n        }\n        else {\n            assert.deepEqual(body, {status: 'Success'});\n            done();\n        }\n    }\n);",
              "err": {},
              "uuid": "761f1cf0-9fc0-43ae-9e28-be41f1440f5b",
              "parentUUID": "c8927a2e-ad67-443d-a6a1-1618c340882c",
              "isHook": false,
              "skipped": false
            },
            {
              "title": "Should update a medical test",
              "fullTitle": "Medical Tests Should update a medical test",
              "timedOut": false,
              "duration": 31,
              "state": "passed",
              "speed": "fast",
              "pass": true,
              "fail": false,
              "pending": false,
              "context": null,
              "code": "request.put(\n    {\n        url: serverUrl + '/medicalTests/mt4',\n        json: {\n            \"fields\": [\n                \"f1\",\n                \"f2\",\n                \"f6\"\n            ]\n        }\n    },\n    function (err, httpResponse, body) {\n        if (err) {\n            done(new Error(err));\n        }\n        else {\n            assert.deepEqual(body, {\n                \"fields\": [\n                    \"f1\",\n                    \"f2\",\n                    \"f6\"\n                ]\n            });\n            done();\n        }\n    }\n);",
              "err": {},
              "uuid": "8b8860e1-9929-4e7d-a623-588a748ff18e",
              "parentUUID": "c8927a2e-ad67-443d-a6a1-1618c340882c",
              "isHook": false,
              "skipped": false
            },
            {
              "title": "Should read a medical test",
              "fullTitle": "Medical Tests Should read a medical test",
              "timedOut": false,
              "duration": 29,
              "state": "passed",
              "speed": "fast",
              "pass": true,
              "fail": false,
              "pending": false,
              "context": null,
              "code": "request.get(\n    {\n        url: serverUrl + '/medicalTests/mt4'\n    },\n    function (err, httpResponse, body) {\n        if (err) {\n            done(new Error(err));\n        }\n        else {\n            body = JSON.parse(body);\n            assert.deepEqual(body, {\n                \"name\": \"mt4\",\n                \"fields\": [\n                    \"f1\",\n                    \"f2\",\n                    \"f6\"\n                ]\n            });\n            done();\n        }\n    }\n);",
              "err": {},
              "uuid": "0796e0f0-d9d5-4223-9bd9-2af816eb73ec",
              "parentUUID": "c8927a2e-ad67-443d-a6a1-1618c340882c",
              "isHook": false,
              "skipped": false
            },
            {
              "title": "Should delete a medical test (mt4)",
              "fullTitle": "Medical Tests Should delete a medical test (mt4)",
              "timedOut": false,
              "duration": 30,
              "state": "passed",
              "speed": "fast",
              "pass": true,
              "fail": false,
              "pending": false,
              "context": null,
              "code": "request.delete(\n    {\n        url: serverUrl + path\n    },\n    function (err, httpResponse, body) {\n        if (err) {\n            done(new Error(err));\n        }\n        else {\n            body = JSON.parse(body);\n            assert.deepEqual(body, {status: 'Success'});\n            done();\n        }\n    }\n);",
              "err": {},
              "uuid": "b0c4cb1c-7455-4fc3-8111-5a4b5a8a785f",
              "parentUUID": "c8927a2e-ad67-443d-a6a1-1618c340882c",
              "isHook": false,
              "skipped": false
            },
            {
              "title": "Should delete some medical tests (mt4 & mt5)",
              "fullTitle": "Medical Tests Should delete some medical tests (mt4 & mt5)",
              "timedOut": false,
              "duration": 33,
              "state": "passed",
              "speed": "fast",
              "pass": true,
              "fail": false,
              "pending": false,
              "context": null,
              "code": "request.delete(\n    {\n        url: serverUrl + path,\n        json: data\n    },\n    function (err, httpResponse, body) {\n        if (err) {\n            done(new Error(err));\n        }\n        else {\n            assert.deepEqual(body, {status: 'Success'});\n            done();\n        }\n    }\n);",
              "err": {},
              "uuid": "834cb09b-a52b-44d3-bc11-4987682ec0b5",
              "parentUUID": "c8927a2e-ad67-443d-a6a1-1618c340882c",
              "isHook": false,
              "skipped": false
            },
            {
              "title": "Should read all medical tests",
              "fullTitle": "Medical Tests Should read all medical tests",
              "timedOut": false,
              "duration": 31,
              "state": "passed",
              "speed": "fast",
              "pass": true,
              "fail": false,
              "pending": false,
              "context": null,
              "code": "request.get(\n    {\n        url: serverUrl + path,\n        jar: true\n    },\n    function (err, httpResponse, body) {\n        if (err) {\n            done(new Error(err));\n        }\n        else {\n            body = JSON.parse(body);\n            assert.property(body, name);\n            assert.typeOf(body[name], 'array');\n            done();\n        }\n    }\n);",
              "err": {},
              "uuid": "ce22a2e8-0f96-4754-98c2-647d384d8606",
              "parentUUID": "c8927a2e-ad67-443d-a6a1-1618c340882c",
              "isHook": false,
              "skipped": false
            }
          ],
          "suites": [],
          "passes": [
            "761f1cf0-9fc0-43ae-9e28-be41f1440f5b",
            "8b8860e1-9929-4e7d-a623-588a748ff18e",
            "0796e0f0-d9d5-4223-9bd9-2af816eb73ec",
            "b0c4cb1c-7455-4fc3-8111-5a4b5a8a785f",
            "834cb09b-a52b-44d3-bc11-4987682ec0b5",
            "ce22a2e8-0f96-4754-98c2-647d384d8606"
          ],
          "failures": [],
          "pending": [],
          "skipped": [],
          "duration": 189,
          "root": false,
          "rootEmpty": false,
          "_timeout": 2000
        },
        {
          "uuid": "bcf416eb-18eb-4257-8483-c10b2dc6f12a",
          "title": "Patients",
          "fullFile": "D:\\Projects\\Majid\\Ticketing System\\tests\\mochaTests.js",
          "file": "\\mochaTests.js",
          "beforeHooks": [
            {
              "title": "\"before all\" hook: Delete sample patient",
              "fullTitle": "Patients \"before all\" hook: Delete sample patient",
              "timedOut": false,
              "duration": 29,
              "state": null,
              "speed": null,
              "pass": false,
              "fail": false,
              "pending": false,
              "context": null,
              "code": "request.delete(\n    {\n        url: serverUrl + '/patients/majid120'\n    },\n    function (err, httpResponse, body) {\n        if (err) {\n            done(new Error(err));\n        }\n        else {\n            done();\n        }\n    }\n);",
              "err": {},
              "uuid": "e12b4980-a461-45ad-9649-473783a7faf9",
              "parentUUID": "bcf416eb-18eb-4257-8483-c10b2dc6f12a",
              "isHook": true,
              "skipped": false
            }
          ],
          "afterHooks": [],
          "tests": [
            {
              "title": "Should create a patient",
              "fullTitle": "Patients Should create a patient",
              "timedOut": false,
              "duration": 35,
              "state": "passed",
              "speed": "fast",
              "pass": true,
              "fail": false,
              "pending": false,
              "context": null,
              "code": "request.post(\n    {\n        url: serverUrl + '/patients',\n        json: {\n            \"username\": \"majid120\",\n            \"password\": \"123\",\n            \"name\": \"majid\",\n            \"family\": \"yaghouti\",\n            \"phone\": \"09151598034\",\n            \"avatar\": \"data:image/png;base64,iVBORw0KGgoAAAANSUhEUgAAABAAAAAQCAYAAAAf8/9hAAAAIGNIUk0AAHolAACAgwAA+f8AAIDpAAB1MAAA6mAAADqYAAAXb5JfxUYAAAAGYktHRAD/AP8A/6C9p5MAAAAJcEhZcwAACxMAAAsTAQCanBgAAAFCSURBVDjLpdM9S1xREAbgZy/X4CaE+LFgEklnWLSxtJGAfyCgbCOIRfqkyz+wSClEC0ELOyGF1WJjlcJSCfYiRtJF1PhFPrwWd0IOukbFac7MHM4778w7p1IUhftYpahW5/ASFWQocIAVLOBXi3cTeIPdHMMYwG8cow0P8RrtmG4B0IcRfM1wEsk1NPAO3yL3Ho9aAPyM8zgP6rCD1fCfYgo1dAezliPIkiD1T5NKJ/5jeeI/QT2qTkauie+3BXiFZfSgCxt4G6pcayntc5zhKOJ2vHCDpQCflSqM4gv68eEuAD+whXX/1KijEzP4hKGE7RWAtsQ/jPOBcqnGgt3zy7PLkyGlw/qT3J9iD8+ivbMAg/1MKR88TgD+Lk4tWpiPeBxLGIx4OsdH9GIzAWgq5cyUmzgbbTXQgW0sYrVy3+98AemDQ4qngPQBAAAAAElFTkSuQmCC\"\n        }\n    },\n    function (err, httpResponse, body) {\n        if (err) {\n            done(new Error(err));\n        }\n        else {\n            assert.property(body, 'docId');\n            assert.typeOf(body.docId, 'number');\n            patientDocumentId = body.docId;\n            done();\n        }\n    }\n);",
              "err": {},
              "uuid": "321205b0-bd71-4620-abd7-d68f6d223173",
              "parentUUID": "bcf416eb-18eb-4257-8483-c10b2dc6f12a",
              "isHook": false,
              "skipped": false
            },
            {
              "title": "Should update a patient",
              "fullTitle": "Patients Should update a patient",
              "timedOut": false,
              "duration": 30,
              "state": "passed",
              "speed": "fast",
              "pass": true,
              "fail": false,
              "pending": false,
              "context": null,
              "code": "request.put(\n    {\n        url: serverUrl + '/patients/majid120',\n        json: {\n            \"name\": \"majidUPDATED\",\n            \"family\": \"yaghoutiUPDATED\"\n        }\n    },\n    function (err, httpResponse, body) {\n        if (err) {\n            done(new Error(err));\n        }\n        else {\n            assert.deepEqual(body, {\n                \"name\": \"majidUPDATED\",\n                \"family\": \"yaghoutiUPDATED\"\n            });\n            done();\n        }\n    }\n);",
              "err": {},
              "uuid": "7dd118e6-f333-4a1e-9398-80eca4fd19ff",
              "parentUUID": "bcf416eb-18eb-4257-8483-c10b2dc6f12a",
              "isHook": false,
              "skipped": false
            },
            {
              "title": "Should read a patient (majid120)",
              "fullTitle": "Patients Should read a patient (majid120)",
              "timedOut": false,
              "duration": 32,
              "state": "passed",
              "speed": "fast",
              "pass": true,
              "fail": false,
              "pending": false,
              "context": null,
              "code": "request.get(\n    {\n        url: serverUrl + '/patients/majid120'\n    },\n    function (err, httpResponse, body) {\n        if (err) {\n            done(new Error(err));\n        }\n        else {\n            body = JSON.parse(body);\n            assert.deepEqual(body, {\n                \"username\": \"majid120\",\n                \"docId\": patientDocumentId,\n                \"name\": \"majidUPDATED\",\n                \"family\": \"yaghoutiUPDATED\",\n                \"phone\": \"09151598034\",\n                \"avatar\": \"data:image/png;base64,iVBORw0KGgoAAAANSUhEUgAAABAAAAAQCAYAAAAf8/9hAAAAIGNIUk0AAHolAACAgwAA+f8AAIDpAAB1MAAA6mAAADqYAAAXb5JfxUYAAAAGYktHRAD/AP8A/6C9p5MAAAAJcEhZcwAACxMAAAsTAQCanBgAAAFCSURBVDjLpdM9S1xREAbgZy/X4CaE+LFgEklnWLSxtJGAfyCgbCOIRfqkyz+wSClEC0ELOyGF1WJjlcJSCfYiRtJF1PhFPrwWd0IOukbFac7MHM4778w7p1IUhftYpahW5/ASFWQocIAVLOBXi3cTeIPdHMMYwG8cow0P8RrtmG4B0IcRfM1wEsk1NPAO3yL3Ho9aAPyM8zgP6rCD1fCfYgo1dAezliPIkiD1T5NKJ/5jeeI/QT2qTkauie+3BXiFZfSgCxt4G6pcayntc5zhKOJ2vHCDpQCflSqM4gv68eEuAD+whXX/1KijEzP4hKGE7RWAtsQ/jPOBcqnGgt3zy7PLkyGlw/qT3J9iD8+ivbMAg/1MKR88TgD+Lk4tWpiPeBxLGIx4OsdH9GIzAWgq5cyUmzgbbTXQgW0sYrVy3+98AemDQ4qngPQBAAAAAElFTkSuQmCC\"\n            });\n            done();\n        }\n    }\n);",
              "err": {},
              "uuid": "21a8e40f-b8c4-48db-9fff-776a397021d4",
              "parentUUID": "bcf416eb-18eb-4257-8483-c10b2dc6f12a",
              "isHook": false,
              "skipped": false
            },
            {
              "title": "Should delete a patient (majid120)",
              "fullTitle": "Patients Should delete a patient (majid120)",
              "timedOut": false,
              "duration": 31,
              "state": "passed",
              "speed": "fast",
              "pass": true,
              "fail": false,
              "pending": false,
              "context": null,
              "code": "request.delete(\n    {\n        url: serverUrl + path\n    },\n    function (err, httpResponse, body) {\n        if (err) {\n            done(new Error(err));\n        }\n        else {\n            body = JSON.parse(body);\n            assert.deepEqual(body, {status: 'Success'});\n            done();\n        }\n    }\n);",
              "err": {},
              "uuid": "2b4a369d-0e1f-44ee-9a39-14b33bab1fa8",
              "parentUUID": "bcf416eb-18eb-4257-8483-c10b2dc6f12a",
              "isHook": false,
              "skipped": false
            },
            {
              "title": "Should delete some patients (majid120 & majid121)",
              "fullTitle": "Patients Should delete some patients (majid120 & majid121)",
              "timedOut": false,
              "duration": 32,
              "state": "passed",
              "speed": "fast",
              "pass": true,
              "fail": false,
              "pending": false,
              "context": null,
              "code": "request.delete(\n    {\n        url: serverUrl + path,\n        json: data\n    },\n    function (err, httpResponse, body) {\n        if (err) {\n            done(new Error(err));\n        }\n        else {\n            assert.deepEqual(body, {status: 'Success'});\n            done();\n        }\n    }\n);",
              "err": {},
              "uuid": "675b3b5e-0fee-41fb-80d3-d1e3ec8ccd83",
              "parentUUID": "bcf416eb-18eb-4257-8483-c10b2dc6f12a",
              "isHook": false,
              "skipped": false
            },
            {
              "title": "Should read all patients",
              "fullTitle": "Patients Should read all patients",
              "timedOut": false,
              "duration": 107,
              "state": "passed",
              "speed": "slow",
              "pass": true,
              "fail": false,
              "pending": false,
              "context": null,
              "code": "request.get(\n    {\n        url: serverUrl + path,\n        jar: true\n    },\n    function (err, httpResponse, body) {\n        if (err) {\n            done(new Error(err));\n        }\n        else {\n            body = JSON.parse(body);\n            assert.property(body, name);\n            assert.typeOf(body[name], 'array');\n            done();\n        }\n    }\n);",
              "err": {},
              "uuid": "27305128-8887-4c9d-b96b-7d8a8d35a5b3",
              "parentUUID": "bcf416eb-18eb-4257-8483-c10b2dc6f12a",
              "isHook": false,
              "skipped": false
            }
          ],
          "suites": [],
          "passes": [
            "321205b0-bd71-4620-abd7-d68f6d223173",
            "7dd118e6-f333-4a1e-9398-80eca4fd19ff",
            "21a8e40f-b8c4-48db-9fff-776a397021d4",
            "2b4a369d-0e1f-44ee-9a39-14b33bab1fa8",
            "675b3b5e-0fee-41fb-80d3-d1e3ec8ccd83",
            "27305128-8887-4c9d-b96b-7d8a8d35a5b3"
          ],
          "failures": [],
          "pending": [],
          "skipped": [],
          "duration": 267,
          "root": false,
          "rootEmpty": false,
          "_timeout": 2000
        },
        {
          "uuid": "4788483f-aa47-44ae-aaf5-fafdfec7865c",
          "title": "Operations related to Patients",
          "fullFile": "D:\\Projects\\Majid\\Ticketing System\\tests\\mochaTests.js",
          "file": "\\mochaTests.js",
          "beforeHooks": [
            {
              "title": "\"before all\" hook: Login as a Doctor",
              "fullTitle": "Operations related to Patients \"before all\" hook: Login as a Doctor",
              "timedOut": false,
              "duration": 31,
              "state": null,
              "speed": null,
              "pass": false,
              "fail": false,
              "pending": false,
              "context": null,
              "code": "request.post(\n    {\n        url: serverUrl + '/auth/login',\n        json: data,\n        jar: true\n    },\n    function (err, httpResponse, body) {\n        if (err) {\n            done(new Error(err));\n        }\n        else {\n            assert.deepEqual(body, expectedResult);\n            done();\n        }\n    }\n);",
              "err": {},
              "uuid": "0108290b-6fd2-4bd2-a4c9-538604b69272",
              "parentUUID": "4788483f-aa47-44ae-aaf5-fafdfec7865c",
              "isHook": true,
              "skipped": false
            },
            {
              "title": "\"before all\" hook: Create a patient (majid120)",
              "fullTitle": "Operations related to Patients \"before all\" hook: Create a patient (majid120)",
              "timedOut": false,
              "duration": 39,
              "state": null,
              "speed": null,
              "pass": false,
              "fail": false,
              "pending": false,
              "context": null,
              "code": "request.post(\n    {\n        url: serverUrl + '/patients',\n        json: {\n    \"username\": \"majid120\",\n        \"password\": \"123\",\n        \"name\": \"majid\",\n        \"family\": \"yaghouti\",\n        \"phone\": \"09151598034\",\n        \"avatar\": \"data:image/png;base64,iVBORw0KGgoAAAANSUhEUgAAABAAAAAQCAYAAAAf8/9hAAAAIGNIUk0AAHolAACAgwAA+f8AAIDpAAB1MAAA6mAAADqYAAAXb5JfxUYAAAAGYktHRAD/AP8A/6C9p5MAAAAJcEhZcwAACxMAAAsTAQCanBgAAAFCSURBVDjLpdM9S1xREAbgZy/X4CaE+LFgEklnWLSxtJGAfyCgbCOIRfqkyz+wSClEC0ELOyGF1WJjlcJSCfYiRtJF1PhFPrwWd0IOukbFac7MHM4778w7p1IUhftYpahW5/ASFWQocIAVLOBXi3cTeIPdHMMYwG8cow0P8RrtmG4B0IcRfM1wEsk1NPAO3yL3Ho9aAPyM8zgP6rCD1fCfYgo1dAezliPIkiD1T5NKJ/5jeeI/QT2qTkauie+3BXiFZfSgCxt4G6pcayntc5zhKOJ2vHCDpQCflSqM4gv68eEuAD+whXX/1KijEzP4hKGE7RWAtsQ/jPOBcqnGgt3zy7PLkyGlw/qT3J9iD8+ivbMAg/1MKR88TgD+Lk4tWpiPeBxLGIx4OsdH9GIzAWgq5cyUmzgbbTXQgW0sYrVy3+98AemDQ4qngPQBAAAAAElFTkSuQmCC\"\n},\n        jar: true\n    },\n    function (err, httpResponse, body) {\n        if (err) {\n            done(new Error(err));\n        }\n        else {\n            done();\n        }\n    }\n);",
              "err": {},
              "uuid": "6cd23157-032c-49bc-94dd-d385ce0ccfd4",
              "parentUUID": "4788483f-aa47-44ae-aaf5-fafdfec7865c",
              "isHook": true,
              "skipped": false
            }
          ],
          "afterHooks": [],
          "tests": [
            {
              "title": "Should create a medical record for a patient (majid120)",
              "fullTitle": "Operations related to Patients Should create a medical record for a patient (majid120)",
              "timedOut": false,
              "duration": 38,
              "state": "passed",
              "speed": "medium",
              "pass": true,
              "fail": false,
              "pending": false,
              "context": null,
              "code": "request.post(\n    {\n        url: serverUrl + '/patients/majid120/medicalRecords',\n        json: {\n            \"tests\": [\"mt1\"],\n            \"drugs\": {\n                \"drug1\": \"\",\n                \"drug3\": \"2\"\n            }\n        },\n        jar: true\n    },\n    function (err, httpResponse, body) {\n        if (err) {\n            done(new Error(err));\n        }\n        else {\n            medicalRecordId = body.id;\n            assert.deepEqual(body, {\n                \"id\": body.id,\n                \"patient\": \"majid120\",\n                \"doctor\": \"dr1\",\n                \"tests\": {\n                    \"mt1\": {\n                        \"f1\": null,\n                        \"f2\": null,\n                        \"f3\": null\n                    }\n                },\n                \"drugs\": {\n                    \"drug1\": null\n                },\n                \"date\": body.date,\n                \"time\": body.time\n            });\n            done();\n        }\n    }\n);",
              "err": {},
              "uuid": "5a19cbc5-4339-4f9c-b89c-49bd301e7b8b",
              "parentUUID": "4788483f-aa47-44ae-aaf5-fafdfec7865c",
              "isHook": false,
              "skipped": false
            },
            {
              "title": "Should update medical record of a patient (majid120)",
              "fullTitle": "Operations related to Patients Should update medical record of a patient (majid120)",
              "timedOut": false,
              "duration": 34,
              "state": "passed",
              "speed": "fast",
              "pass": true,
              "fail": false,
              "pending": false,
              "context": null,
              "code": "request.put(\n    {\n        url: serverUrl + '/patients/majid120/medicalRecords/' + medicalRecordId,\n        json: {\n            \"tests\": {\n                \"mt1\": {\n                    \"f1\": \"1\",\n                    \"f2\": \"2\",\n                    \"f3\": \"3\"\n                }\n            },\n            \"drugs\": {\n                \"drug1\": \"1\",\n                \"drug3\": \"3\"\n            }\n        },\n        jar: true\n    },\n    function (err, httpResponse, body) {\n        if (err) {\n            done(new Error(err));\n        }\n        else {\n            assert.deepEqual(body, {\n                \"id\": medicalRecordId,\n                \"patient\": \"majid120\",\n                \"doctor\": \"dr1\",\n                \"tests\": {\n                    \"mt1\": {\n                        \"f1\": \"1\",\n                        \"f2\": \"2\",\n                        \"f3\": \"3\"\n                    }\n                },\n                \"drugs\": {\n                    \"drug1\": \"1\"\n                },\n                \"date\": body.date,\n                \"time\": body.time\n            });\n            done();\n        }\n    }\n);",
              "err": {},
              "uuid": "d25f751f-8d4e-49e6-adcb-f4a6f52285a1",
              "parentUUID": "4788483f-aa47-44ae-aaf5-fafdfec7865c",
              "isHook": false,
              "skipped": false
            },
            {
              "title": "Should read a medical record of a patient (majid120)",
              "fullTitle": "Operations related to Patients Should read a medical record of a patient (majid120)",
              "timedOut": false,
              "duration": 36,
              "state": "passed",
              "speed": "fast",
              "pass": true,
              "fail": false,
              "pending": false,
              "context": null,
              "code": "request.get(\n    {\n        url: serverUrl + '/patients/majid120/medicalRecords/' + medicalRecordId,\n        jar: true\n    },\n    function (err, httpResponse, body) {\n        if (err) {\n            done(new Error(err));\n        }\n        else {\n            body = JSON.parse(body);\n            assert.deepEqual(body, {\n                \"id\": medicalRecordId,\n                \"patient\": \"majid120\",\n                \"doctor\": \"dr1\",\n                \"tests\": {\n                    \"mt1\": {\n                        \"f1\": \"1\",\n                        \"f2\": \"2\",\n                        \"f3\": \"3\"\n                    }\n                },\n                \"drugs\": {\n                    \"drug1\": \"1\"\n                },\n                \"date\": body.date,\n                \"time\": body.time\n            });\n            done();\n        }\n    }\n);",
              "err": {},
              "uuid": "ee38158e-f3f4-400d-b5b2-e166bc8970f4",
              "parentUUID": "4788483f-aa47-44ae-aaf5-fafdfec7865c",
              "isHook": false,
              "skipped": false
            },
            {
              "title": "Should delete medical record of a patient (majid120)",
              "fullTitle": "Operations related to Patients Should delete medical record of a patient (majid120)",
              "timedOut": false,
              "duration": 31,
              "state": "passed",
              "speed": "fast",
              "pass": true,
              "fail": false,
              "pending": false,
              "context": null,
              "code": "deleteOne('/patients/majid120/medicalRecords/' + medicalRecordId)(done);",
              "err": {},
              "uuid": "4438b12d-40c7-4519-8a1a-b9b8f63390c7",
              "parentUUID": "4788483f-aa47-44ae-aaf5-fafdfec7865c",
              "isHook": false,
              "skipped": false
            },
            {
              "title": "Should read all medical records of a patient (majid120)",
              "fullTitle": "Operations related to Patients Should read all medical records of a patient (majid120)",
              "timedOut": false,
              "duration": 35,
              "state": "passed",
              "speed": "fast",
              "pass": true,
              "fail": false,
              "pending": false,
              "context": null,
              "code": "request.get(\n    {\n        url: serverUrl + path,\n        jar: true\n    },\n    function (err, httpResponse, body) {\n        if (err) {\n            done(new Error(err));\n        }\n        else {\n            body = JSON.parse(body);\n            assert.property(body, name);\n            assert.typeOf(body[name], 'array');\n            done();\n        }\n    }\n);",
              "err": {},
              "uuid": "175d3ad2-178f-4912-85ef-0573bb989c47",
              "parentUUID": "4788483f-aa47-44ae-aaf5-fafdfec7865c",
              "isHook": false,
              "skipped": false
            }
          ],
          "suites": [],
          "passes": [
            "5a19cbc5-4339-4f9c-b89c-49bd301e7b8b",
            "d25f751f-8d4e-49e6-adcb-f4a6f52285a1",
            "ee38158e-f3f4-400d-b5b2-e166bc8970f4",
            "4438b12d-40c7-4519-8a1a-b9b8f63390c7",
            "175d3ad2-178f-4912-85ef-0573bb989c47"
          ],
          "failures": [],
          "pending": [],
          "skipped": [],
          "duration": 174,
          "root": false,
          "rootEmpty": false,
          "_timeout": 2000
        },
        {
          "uuid": "4229b6c8-4314-43b3-b6f1-be7114b002e7",
          "title": "Profile",
          "fullFile": "D:\\Projects\\Majid\\Ticketing System\\tests\\mochaTests.js",
          "file": "\\mochaTests.js",
          "beforeHooks": [
            {
              "title": "\"before all\" hook: Login as a Patient",
              "fullTitle": "Profile \"before all\" hook: Login as a Patient",
              "timedOut": false,
              "duration": 33,
              "state": null,
              "speed": null,
              "pass": false,
              "fail": false,
              "pending": false,
              "context": null,
              "code": "request.post(\n    {\n        url: serverUrl + '/auth/login',\n        json: {\n            \"type\": \"Patient\",\n            \"username\": \"majid1\",\n            \"password\": \"123\"\n        },\n        jar: true\n    },\n    function (err, httpResponse, body) {\n        if (err) {\n            done(new Error(err));\n        }\n        else {\n            cookies = httpResponse.headers['set-cookie'];\n            assert.deepEqual(body, {location: 'patient.html'});\n            done();\n        }\n    }\n);",
              "err": {},
              "uuid": "bc19f2a5-e3fa-4fb8-9890-8abdc0d8c4c4",
              "parentUUID": "4229b6c8-4314-43b3-b6f1-be7114b002e7",
              "isHook": true,
              "skipped": false
            }
          ],
          "afterHooks": [],
          "tests": [
            {
              "title": "Should get profile of logged in user",
              "fullTitle": "Profile Should get profile of logged in user",
              "timedOut": false,
              "duration": 32,
              "state": "passed",
              "speed": "fast",
              "pass": true,
              "fail": false,
              "pending": false,
              "context": null,
              "code": "request.get(\n    {\n        url: serverUrl + '/profile',\n        jar: true\n    },\n    function (err, httpResponse, body) {\n        if (err) {\n            done(new Error(err));\n        }\n        else {\n            body = JSON.parse(body);\n            assert.deepEqual(body, {\n                \"username\": \"majid1\",\n                \"docId\": 1034,\n                \"name\": \"majid1\",\n                \"family\": \"yaghouti1\",\n                \"phone\": \"09151598034\",\n                \"avatar\": \"data:image/png;base64,iVBORw0KGgoAAAANSUhEUgAAABAAAAAQCAYAAAAf8/9hAAAAIGNIUk0AAHolAACAgwAA+f8AAIDpAAB1MAAA6mAAADqYAAAXb5JfxUYAAAAGYktHRAD/AP8A/6C9p5MAAAAJcEhZcwAACxMAAAsTAQCanBgAAAFCSURBVDjLpdM9S1xREAbgZy/X4CaE+LFgEklnWLSxtJGAfyCgbCOIRfqkyz+wSClEC0ELOyGF1WJjlcJSCfYiRtJF1PhFPrwWd0IOukbFac7MHM4778w7p1IUhftYpahW5/ASFWQocIAVLOBXi3cTeIPdHMMYwG8cow0P8RrtmG4B0IcRfM1wEsk1NPAO3yL3Ho9aAPyM8zgP6rCD1fCfYgo1dAezliPIkiD1T5NKJ/5jeeI/QT2qTkauie+3BXiFZfSgCxt4G6pcayntc5zhKOJ2vHCDpQCflSqM4gv68eEuAD+whXX/1KijEzP4hKGE7RWAtsQ/jPOBcqnGgt3zy7PLkyGlw/qT3J9iD8+ivbMAg/1MKR88TgD+Lk4tWpiPeBxLGIx4OsdH9GIzAWgq5cyUmzgbbTXQgW0sYrVy3+98AemDQ4qngPQBAAAAAElFTkSuQmCC\"\n            });\n            done();\n        }\n    }\n);",
              "err": {},
              "uuid": "a0127c0a-679f-4106-8bcf-7c459e8a7db4",
              "parentUUID": "4229b6c8-4314-43b3-b6f1-be7114b002e7",
              "isHook": false,
              "skipped": false
            }
          ],
          "suites": [],
          "passes": [
            "a0127c0a-679f-4106-8bcf-7c459e8a7db4"
          ],
          "failures": [],
          "pending": [],
          "skipped": [],
          "duration": 32,
          "root": false,
          "rootEmpty": false,
          "_timeout": 2000
        },
        {
          "uuid": "d810a75e-1cf4-4761-ad5d-3ec8790f9c6a",
          "title": "Schedules",
          "fullFile": "D:\\Projects\\Majid\\Ticketing System\\tests\\mochaTests.js",
          "file": "\\mochaTests.js",
          "beforeHooks": [
            {
              "title": "\"before all\" hook: Login as a Doctor",
              "fullTitle": "Schedules \"before all\" hook: Login as a Doctor",
              "timedOut": false,
              "duration": 31,
              "state": null,
              "speed": null,
              "pass": false,
              "fail": false,
              "pending": false,
              "context": null,
              "code": "request.post(\n    {\n        url: serverUrl + '/auth/login',\n        json: data,\n        jar: true\n    },\n    function (err, httpResponse, body) {\n        if (err) {\n            done(new Error(err));\n        }\n        else {\n            assert.deepEqual(body, expectedResult);\n            done();\n        }\n    }\n);",
              "err": {},
              "uuid": "ef8e706b-9f58-4193-ab40-11da7030ba98",
              "parentUUID": "d810a75e-1cf4-4761-ad5d-3ec8790f9c6a",
              "isHook": true,
              "skipped": false
            }
          ],
          "afterHooks": [],
          "tests": [
            {
              "title": "Should create a schedule",
              "fullTitle": "Schedules Should create a schedule",
              "timedOut": false,
              "duration": 161,
              "state": "passed",
              "speed": "slow",
              "pass": true,
              "fail": false,
              "pending": false,
              "context": null,
              "code": "request.post(\n    {\n        url: serverUrl + '/schedules',\n        json: {\n            \"start\": \"1398/6/31\",\n            \"end\": \"1398/08/5\",\n            \"weeklySchedule\": {\n                \"sat\": [\n                    {\n                        \"start\": \"9:0\",\n                        \"end\": \"10:4\"\n                    },\n                    {\n                        \"start\": \"21:30\",\n                        \"end\": \"23:59\"\n                    }\n                ],\n                \"sun\": [\n                    {\n                        \"start\": \"10:0\",\n                        \"end\": \"11:4\"\n                    }\n                ],\n                \"mon\": [\n                    {\n                        \"start\": \"00:10\",\n                        \"end\": \"3:59\"\n                    }\n                ],\n                \"tue\": [\n                    {\n                        \"start\": \"10:0\",\n                        \"end\": \"11:4\"\n                    }\n                ],\n                \"wed\": [\n                    {\n                        \"start\": \"10:0\",\n                        \"end\": \"11:4\"\n                    }\n                ],\n                \"thu\": [\n                    {\n                        \"start\": \"10:0\",\n                        \"end\": \"11:4\"\n                    }\n                ],\n                \"fri\": []\n            }\n        },\n        jar: true\n    },\n    function (err, httpResponse, body) {\n        if (err) {\n            done(new Error(err));\n        }\n        else {\n            assert.deepEqual(body, {status: 'Success'});\n            done();\n        }\n    }\n);",
              "err": {},
              "uuid": "65f78f56-1484-411c-b40b-88e3e0a7df45",
              "parentUUID": "d810a75e-1cf4-4761-ad5d-3ec8790f9c6a",
              "isHook": false,
              "skipped": false
            },
            {
              "title": "Should read a schedule",
              "fullTitle": "Schedules Should read a schedule",
              "timedOut": false,
              "duration": 34,
              "state": "passed",
              "speed": "fast",
              "pass": true,
              "fail": false,
              "pending": false,
              "context": null,
              "code": "request.get(\n    {\n        url: serverUrl + '/schedules/13980701/13980706',\n        jar: true\n    },\n    function (err, httpResponse, body) {\n        if (err) {\n            done(new Error(err));\n        }\n        else {\n            body = JSON.parse(body);\n            assert.property(body, 'schedule');\n            assert.typeOf(body.schedule, 'array');\n            done();\n        }\n    }\n);",
              "err": {},
              "uuid": "d4c3ec41-5e2a-4d1a-8678-1488ba07aad0",
              "parentUUID": "d810a75e-1cf4-4761-ad5d-3ec8790f9c6a",
              "isHook": false,
              "skipped": false
            }
          ],
          "suites": [],
          "passes": [
            "65f78f56-1484-411c-b40b-88e3e0a7df45",
            "d4c3ec41-5e2a-4d1a-8678-1488ba07aad0"
          ],
          "failures": [],
          "pending": [],
          "skipped": [],
          "duration": 195,
          "root": false,
          "rootEmpty": false,
          "_timeout": 2000
        },
        {
          "uuid": "aba0fa3c-6bba-467c-8d8c-afb289f7516f",
          "title": "Secretaries",
          "fullFile": "D:\\Projects\\Majid\\Ticketing System\\tests\\mochaTests.js",
          "file": "\\mochaTests.js",
          "beforeHooks": [],
          "afterHooks": [],
          "tests": [
            {
              "title": "Should create a secretary (sec120)",
              "fullTitle": "Secretaries Should create a secretary (sec120)",
              "timedOut": false,
              "duration": 43,
              "state": "passed",
              "speed": "medium",
              "pass": true,
              "fail": false,
              "pending": false,
              "context": null,
              "code": "request.post(\n    {\n        url: serverUrl + path,\n        json: data\n    },\n    function (err, httpResponse, body) {\n        if (err) {\n            done(new Error(err));\n        }\n        else {\n            assert.deepEqual(body, {status: 'Success'});\n            done();\n        }\n    }\n);",
              "err": {},
              "uuid": "3cd95400-c856-4e5a-8ffc-4215cf5d0cc8",
              "parentUUID": "aba0fa3c-6bba-467c-8d8c-afb289f7516f",
              "isHook": false,
              "skipped": false
            },
            {
              "title": "Should update a secretary (sec120)",
              "fullTitle": "Secretaries Should update a secretary (sec120)",
              "timedOut": false,
              "duration": 35,
              "state": "passed",
              "speed": "fast",
              "pass": true,
              "fail": false,
              "pending": false,
              "context": null,
              "code": "request.put(\n    {\n        url: serverUrl + '/secretaries/sec120',\n        json: {\n            \"name\": \"sec120-UPDATED\",\n            \"family\": \"yaghouti-UPDATED\",\n            \"password\": \"123\"\n        }\n    },\n    function (err, httpResponse, body) {\n        if (err) {\n            done(new Error(err));\n        }\n        else {\n            assert.deepEqual(body, {\n                \"name\": \"sec120-UPDATED\",\n                \"family\": \"yaghouti-UPDATED\"\n            });\n            done();\n        }\n    }\n);",
              "err": {},
              "uuid": "1de6e422-b6f7-4841-90bf-3175e9ef97be",
              "parentUUID": "aba0fa3c-6bba-467c-8d8c-afb289f7516f",
              "isHook": false,
              "skipped": false
            },
            {
              "title": "Should read a secretary (sec120)",
              "fullTitle": "Secretaries Should read a secretary (sec120)",
              "timedOut": false,
              "duration": 27,
              "state": "passed",
              "speed": "fast",
              "pass": true,
              "fail": false,
              "pending": false,
              "context": null,
              "code": "request.get(\n    {\n        url: serverUrl + '/secretaries/sec120'\n    },\n    function (err, httpResponse, body) {\n        if (err) {\n            done(new Error(err));\n        }\n        else {\n            body = JSON.parse(body);\n            assert.deepEqual(body, {\n                \"username\": \"sec120\",\n                \"name\": \"sec120-UPDATED\",\n                \"family\": \"yaghouti-UPDATED\",\n                \"doctors\": []\n            });\n            done();\n        }\n    }\n);",
              "err": {},
              "uuid": "bbb7be95-b02c-47cb-b1d6-cc9598cc99a9",
              "parentUUID": "aba0fa3c-6bba-467c-8d8c-afb289f7516f",
              "isHook": false,
              "skipped": false
            },
            {
              "title": "Should delete a secretary (sec120)",
              "fullTitle": "Secretaries Should delete a secretary (sec120)",
              "timedOut": false,
              "duration": 36,
              "state": "passed",
              "speed": "fast",
              "pass": true,
              "fail": false,
              "pending": false,
              "context": null,
              "code": "request.delete(\n    {\n        url: serverUrl + path\n    },\n    function (err, httpResponse, body) {\n        if (err) {\n            done(new Error(err));\n        }\n        else {\n            body = JSON.parse(body);\n            assert.deepEqual(body, {status: 'Success'});\n            done();\n        }\n    }\n);",
              "err": {},
              "uuid": "6b0f329c-ce1c-4f70-87dc-b11759c77bf5",
              "parentUUID": "aba0fa3c-6bba-467c-8d8c-afb289f7516f",
              "isHook": false,
              "skipped": false
            },
            {
              "title": "Should delete some secretary (sec120 & sec121)",
              "fullTitle": "Secretaries Should delete some secretary (sec120 & sec121)",
              "timedOut": false,
              "duration": 28,
              "state": "passed",
              "speed": "fast",
              "pass": true,
              "fail": false,
              "pending": false,
              "context": null,
              "code": "request.delete(\n    {\n        url: serverUrl + path,\n        json: data\n    },\n    function (err, httpResponse, body) {\n        if (err) {\n            done(new Error(err));\n        }\n        else {\n            assert.deepEqual(body, {status: 'Success'});\n            done();\n        }\n    }\n);",
              "err": {},
              "uuid": "b2990acb-ab8a-450e-b8f5-3b14c4960be4",
              "parentUUID": "aba0fa3c-6bba-467c-8d8c-afb289f7516f",
              "isHook": false,
              "skipped": false
            },
            {
              "title": "Should read all secretaries",
              "fullTitle": "Secretaries Should read all secretaries",
              "timedOut": false,
              "duration": 30,
              "state": "passed",
              "speed": "fast",
              "pass": true,
              "fail": false,
              "pending": false,
              "context": null,
              "code": "request.get(\n    {\n        url: serverUrl + path,\n        jar: true\n    },\n    function (err, httpResponse, body) {\n        if (err) {\n            done(new Error(err));\n        }\n        else {\n            body = JSON.parse(body);\n            assert.property(body, name);\n            assert.typeOf(body[name], 'array');\n            done();\n        }\n    }\n);",
              "err": {},
              "uuid": "42571e88-2531-4582-a014-ef67b502bbd3",
              "parentUUID": "aba0fa3c-6bba-467c-8d8c-afb289f7516f",
              "isHook": false,
              "skipped": false
            }
          ],
          "suites": [],
          "passes": [
            "3cd95400-c856-4e5a-8ffc-4215cf5d0cc8",
            "1de6e422-b6f7-4841-90bf-3175e9ef97be",
            "bbb7be95-b02c-47cb-b1d6-cc9598cc99a9",
            "6b0f329c-ce1c-4f70-87dc-b11759c77bf5",
            "b2990acb-ab8a-450e-b8f5-3b14c4960be4",
            "42571e88-2531-4582-a014-ef67b502bbd3"
          ],
          "failures": [],
          "pending": [],
          "skipped": [],
          "duration": 199,
          "root": false,
          "rootEmpty": false,
          "_timeout": 2000
        },
        {
          "uuid": "89ead739-0c8e-4207-8e56-5b6c219e56f4",
          "title": "Specialties",
          "fullFile": "D:\\Projects\\Majid\\Ticketing System\\tests\\mochaTests.js",
          "file": "\\mochaTests.js",
          "beforeHooks": [],
          "afterHooks": [],
          "tests": [
            {
              "title": "Should create a specialty (sp120)",
              "fullTitle": "Specialties Should create a specialty (sp120)",
              "timedOut": false,
              "duration": 30,
              "state": "passed",
              "speed": "fast",
              "pass": true,
              "fail": false,
              "pending": false,
              "context": null,
              "code": "request.post(\n    {\n        url: serverUrl + path,\n        json: data\n    },\n    function (err, httpResponse, body) {\n        if (err) {\n            done(new Error(err));\n        }\n        else {\n            assert.deepEqual(body, {status: 'Success'});\n            done();\n        }\n    }\n);",
              "err": {},
              "uuid": "f52fcef8-736f-49bc-906f-8612d593b7c8",
              "parentUUID": "89ead739-0c8e-4207-8e56-5b6c219e56f4",
              "isHook": false,
              "skipped": false
            },
            {
              "title": "Should delete a specialty (sp120)",
              "fullTitle": "Specialties Should delete a specialty (sp120)",
              "timedOut": false,
              "duration": 33,
              "state": "passed",
              "speed": "fast",
              "pass": true,
              "fail": false,
              "pending": false,
              "context": null,
              "code": "request.delete(\n    {\n        url: serverUrl + path\n    },\n    function (err, httpResponse, body) {\n        if (err) {\n            done(new Error(err));\n        }\n        else {\n            body = JSON.parse(body);\n            assert.deepEqual(body, {status: 'Success'});\n            done();\n        }\n    }\n);",
              "err": {},
              "uuid": "e6b54fbb-42d5-49e7-a508-96ba572de72e",
              "parentUUID": "89ead739-0c8e-4207-8e56-5b6c219e56f4",
              "isHook": false,
              "skipped": false
            },
            {
              "title": "Should delete some specialties (sp120 & sp121)",
              "fullTitle": "Specialties Should delete some specialties (sp120 & sp121)",
              "timedOut": false,
              "duration": 31,
              "state": "passed",
              "speed": "fast",
              "pass": true,
              "fail": false,
              "pending": false,
              "context": null,
              "code": "request.delete(\n    {\n        url: serverUrl + path,\n        json: data\n    },\n    function (err, httpResponse, body) {\n        if (err) {\n            done(new Error(err));\n        }\n        else {\n            assert.deepEqual(body, {status: 'Success'});\n            done();\n        }\n    }\n);",
              "err": {},
              "uuid": "72ba03e6-89a2-468f-bd0b-de5ad8740105",
              "parentUUID": "89ead739-0c8e-4207-8e56-5b6c219e56f4",
              "isHook": false,
              "skipped": false
            },
            {
              "title": "Should read all specialties",
              "fullTitle": "Specialties Should read all specialties",
              "timedOut": false,
              "duration": 30,
              "state": "passed",
              "speed": "fast",
              "pass": true,
              "fail": false,
              "pending": false,
              "context": null,
              "code": "request.get(\n    {\n        url: serverUrl + path,\n        jar: true\n    },\n    function (err, httpResponse, body) {\n        if (err) {\n            done(new Error(err));\n        }\n        else {\n            body = JSON.parse(body);\n            assert.property(body, name);\n            assert.typeOf(body[name], 'array');\n            done();\n        }\n    }\n);",
              "err": {},
              "uuid": "680fd028-5bbe-430c-b24e-f80ac09d8456",
              "parentUUID": "89ead739-0c8e-4207-8e56-5b6c219e56f4",
              "isHook": false,
              "skipped": false
            }
          ],
          "suites": [],
          "passes": [
            "f52fcef8-736f-49bc-906f-8612d593b7c8",
            "e6b54fbb-42d5-49e7-a508-96ba572de72e",
            "72ba03e6-89a2-468f-bd0b-de5ad8740105",
            "680fd028-5bbe-430c-b24e-f80ac09d8456"
          ],
          "failures": [],
          "pending": [],
          "skipped": [],
          "duration": 124,
          "root": false,
          "rootEmpty": false,
          "_timeout": 2000
        },
        {
          "uuid": "dd95cf04-46ea-4725-a49c-4bb578215c7e",
          "title": "Tickets",
          "fullFile": "D:\\Projects\\Majid\\Ticketing System\\tests\\mochaTests.js",
          "file": "\\mochaTests.js",
          "beforeHooks": [
            {
              "title": "\"before all\" hook: Login as a Patient",
              "fullTitle": "Tickets \"before all\" hook: Login as a Patient",
              "timedOut": false,
              "duration": 30,
              "state": null,
              "speed": null,
              "pass": false,
              "fail": false,
              "pending": false,
              "context": null,
              "code": "request.post(\n    {\n        url: serverUrl + '/auth/login',\n        json: data,\n        jar: true\n    },\n    function (err, httpResponse, body) {\n        if (err) {\n            done(new Error(err));\n        }\n        else {\n            assert.deepEqual(body, expectedResult);\n            done();\n        }\n    }\n);",
              "err": {},
              "uuid": "57e8cb24-8c6a-4b74-a484-1100afb51c6c",
              "parentUUID": "dd95cf04-46ea-4725-a49c-4bb578215c7e",
              "isHook": true,
              "skipped": false
            }
          ],
          "afterHooks": [],
          "tests": [
            {
              "title": "Should get tickets of logged in patient",
              "fullTitle": "Tickets Should get tickets of logged in patient",
              "timedOut": false,
              "duration": 34,
              "state": "passed",
              "speed": "fast",
              "pass": true,
              "fail": false,
              "pending": false,
              "context": null,
              "code": "request.get(\n    {\n        url: serverUrl + '/tickets',\n        jar: true\n    },\n    function (err, httpResponse, body) {\n        if (err) {\n            done(new Error(err));\n        }\n        else {\n            body = JSON.parse(body);\n            assert.property(body, 'tickets');\n            assert.typeOf(body.tickets, 'array');\n            done();\n        }\n    }\n);",
              "err": {},
              "uuid": "a9f516b2-d806-4218-906b-d9e4bfcee90d",
              "parentUUID": "dd95cf04-46ea-4725-a49c-4bb578215c7e",
              "isHook": false,
              "skipped": false
            },
            {
              "title": "Should assign a ticket by doctor",
              "fullTitle": "Tickets Should assign a ticket by doctor",
              "timedOut": false,
              "duration": 36,
              "state": "passed",
              "speed": "fast",
              "pass": true,
              "fail": false,
              "pending": false,
              "context": null,
              "code": "request.post(\n    {\n        url: serverUrl + '/tickets',\n        json: {\n            \"doctor\": \"dr1\"\n        },\n        jar: true\n    },\n    function (err, httpResponse, body) {\n        if (err) {\n            done(new Error(err));\n        }\n        else {\n            assert.hasAllKeys(body, ['date', 'time', 'dayOfWeek', 'doctor', 'specialties']);\n            assert.typeOf(body.date, 'string');\n            assert.typeOf(body.time, 'string');\n            assert.typeOf(body.dayOfWeek, 'string');\n            assert.typeOf(body.doctor, 'object');\n            assert.typeOf(body.specialties, 'array');\n            done();\n        }\n    }\n);",
              "err": {},
              "uuid": "4ec1e3c6-60ac-4505-ba4c-c700a58f4a98",
              "parentUUID": "dd95cf04-46ea-4725-a49c-4bb578215c7e",
              "isHook": false,
              "skipped": false
            },
            {
              "title": "Should assign a ticket by specialty",
              "fullTitle": "Tickets Should assign a ticket by specialty",
              "timedOut": false,
              "duration": 34,
              "state": "passed",
              "speed": "fast",
              "pass": true,
              "fail": false,
              "pending": false,
              "context": null,
              "code": "request.post(\n    {\n        url: serverUrl + '/tickets',\n        json: {\n            \"specialty\": \"sp1\"\n        },\n        jar: true\n    },\n    function (err, httpResponse, body) {\n        if (err) {\n            done(new Error(err));\n        }\n        else {\n            assert.hasAllKeys(body, ['date', 'time', 'dayOfWeek', 'doctor', 'specialties']);\n            assert.typeOf(body.date, 'string');\n            assert.typeOf(body.time, 'string');\n            assert.typeOf(body.dayOfWeek, 'string');\n            assert.typeOf(body.doctor, 'object');\n            assert.typeOf(body.specialties, 'array');\n            done();\n        }\n    }\n);",
              "err": {},
              "uuid": "a169ad2e-aa7a-4f66-9e5e-aecc39b93312",
              "parentUUID": "dd95cf04-46ea-4725-a49c-4bb578215c7e",
              "isHook": false,
              "skipped": false
            }
          ],
          "suites": [],
          "passes": [
            "a9f516b2-d806-4218-906b-d9e4bfcee90d",
            "4ec1e3c6-60ac-4505-ba4c-c700a58f4a98",
            "a169ad2e-aa7a-4f66-9e5e-aecc39b93312"
          ],
          "failures": [],
          "pending": [],
          "skipped": [],
          "duration": 104,
          "root": false,
          "rootEmpty": false,
          "_timeout": 2000
        }
      ],
      "passes": [],
      "failures": [],
      "pending": [],
      "skipped": [],
      "duration": 0,
      "root": true,
      "rootEmpty": true,
      "_timeout": 2000
    }
  ],
  "meta": {
    "mocha": {
      "version": "6.2.0"
    },
    "mochawesome": {
      "options": {
        "quiet": false,
        "reportFilename": "mochawesome",
        "saveHtml": true,
        "saveJson": true,
        "consoleReporter": "spec",
        "useInlineDiffs": false
      },
      "version": "4.1.0"
    },
    "marge": {
      "options": null,
      "version": "4.0.1"
    }
  }
}